<?xml version="1.0" encoding="UTF-8"?>
<!-- Generated by org.testng.reporters.JUnitReportReporter -->
<testsuite hostname="DESKTOP-1PAIJ43" name="test.TC_1" tests="1" failures="0" timestamp="22 Jan 2020 15:26:44 GMT" time="0.012" errors="0">
  <testcase name="test" time="0.012" classname="test.TC_1"/>
</testsuite> <!-- test.TC_1 -->
